{"name": "test_summary_tokens", "status": "failed", "statusDetails": {"message": "AssertionError: assert ['start_date'...transactions'] == ['end_date', ...ate', 'total']\n  At index 0 diff: 'start_date' != 'end_date'\n  Use -v to get more diff", "trace": "self = <tests.test_summary_expense.Test_get_summary object at 0x000001E22B67C620>\n\n    @allure.description(\"VALID request => Checking tokens\")\n    def test_summary_tokens(self):\n        \"\"\"\n        Test validation request tokens.\n        1. Send a valid request (without options) for getting summary.\n        2. Checking request tokens.\n        \"\"\"\n        result_get_summary = Open_api_expense.get_summary_expense()\n        Checking.check_json_token(result_get_summary, ['summary'])\n        token = json.loads(result_get_summary.text)\n        token_keys = list(token[\"summary\"].keys())\n>       assert token_keys == ['end_date', 'num_transactions', 'start_date', 'total']\nE       AssertionError: assert ['start_date'...transactions'] == ['end_date', ...ate', 'total']\nE         At index 0 diff: 'start_date' != 'end_date'\nE         Use -v to get more diff\n\ntests\\test_summary_expense.py:31: AssertionError"}, "description": "VALID request => Checking tokens", "steps": [{"name": "GET", "status": "passed", "start": 1705354421358, "stop": 1705354421424}], "attachments": [{"name": "stdout", "source": "8bcf26bb-c37b-4431-84c6-ba8bd693cbe7-attachment.txt", "type": "text/plain"}], "start": 1705354421358, "stop": 1705354421425, "uuid": "2c5610bf-13de-40bf-9018-632c7b77f199", "historyId": "b41d721542872fb84716e7c28875653d", "testCaseId": "b41d721542872fb84716e7c28875653d", "fullName": "tests.test_summary_expense.Test_get_summary#test_summary_tokens", "labels": [{"name": "epic", "value": "Get expense method [GET] v1/summary"}, {"name": "parentSuite", "value": "tests"}, {"name": "suite", "value": "test_summary_expense"}, {"name": "subSuite", "value": "Test_get_summary"}, {"name": "host", "value": "DESKTOP-PE8TFUJ"}, {"name": "thread", "value": "19092-MainThread"}, {"name": "framework", "value": "pytest"}, {"name": "language", "value": "cpython3"}, {"name": "package", "value": "tests.test_summary_expense"}]}